This is pdfTeX, Version 3.14159-13d (Web2C 7.3.1) (format=pdflatex 2000.2.3)  22 MAR 2001 16:53
**ex12
(ex12.tex[/usr/local/teTeX/share/texmf/pdftex/config/pdftex.cfg]
LaTeX2e <1999/12/01> patch level 1
Babel <v3.6Z> and hyphenation patterns for american, french, german, ngerman, n
ohyphenation, loaded.
(/usr/local/teTeX/share/texmf/tex/latex/polytex/polytex.cls
Document Class: polytex 2000/05/29
(/usr/local/teTeX/share/texmf/tex/latex/base/ifthen.sty
Package: ifthen 1999/09/10 v1.1b Standard LaTeX ifthen package (DPC)
)
(/usr/local/teTeX/share/texmf/tex/latex/misc/version.sty)
(/usr/local/teTeX/share/texmf/tex/latex/base/fontenc.sty
Package: fontenc 1999/12/08 v1.9x Standard LaTeX package

(/usr/local/teTeX/share/texmf/tex/latex/base/t1enc.def
File: t1enc.def 1999/12/08 v1.9x Standard LaTeX file
LaTeX Font Info:    Redeclaring font encoding T1 on input line 38.
))
jobname = poly/ex12-poly
(/usr/local/teTeX/share/texmf/tex/latex/base/book.cls
Document Class: book 1999/09/10 v1.4a Standard LaTeX document class
(/usr/local/teTeX/share/texmf/tex/latex/base/bk10.clo
File: bk10.clo 1999/09/10 v1.4a Standard LaTeX file (size option)
)
\c@part=\count79
\c@chapter=\count80
\c@section=\count81
\c@subsection=\count82
\c@subsubsection=\count83
\c@paragraph=\count84
\c@subparagraph=\count85
\c@figure=\count86
\c@table=\count87
\abovecaptionskip=\skip41
\belowcaptionskip=\skip42
\bibindent=\dimen102
)
(/usr/local/teTeX/share/texmf/tex/latex/graphics/graphicx.sty
Package: graphicx 1999/02/16 v1.0f Enhanced LaTeX Graphics (DPC,SPQR)

(/usr/local/teTeX/share/texmf/tex/latex/graphics/keyval.sty
Package: keyval 1999/03/16 v1.13 key=value parser (DPC)
\KV@toks@=\toks14
)
(/usr/local/teTeX/share/texmf/tex/latex/graphics/graphics.sty
Package: graphics 1999/02/16 v1.0l Standard LaTeX Graphics (DPC,SPQR)

(/usr/local/teTeX/share/texmf/tex/latex/graphics/trig.sty
Package: trig 1999/03/16 v1.09 sin cos tan (DPC)
)
(/usr/local/teTeX/share/texmf/tex/latex/config/graphics.cfg)
Package graphics Info: Driver file: pdftex.def on input line 80.

(/usr/local/teTeX/share/texmf/tex/latex/graphics/pdftex.def
File: pdftex.def 1999/10/13 v0.02r graphics/color for pdftex
\Gread@gobject=\count88
))
\Gin@req@height=\dimen103
\Gin@req@width=\dimen104
)
(/usr/local/teTeX/share/texmf/tex/latex/graphics/color.sty
Package: color 1999/02/16 v1.0i Standard LaTeX Color (DPC)

(/usr/local/teTeX/share/texmf/tex/latex/config/color.cfg)
Package color Info: Driver file: pdftex.def on input line 125.
)
(/usr/local/teTeX/share/texmf/tex/latex/hyperref/hyperref.sty
Package: hyperref 2000/11/05 v6.71a Hypertext links for LaTeX
\@linkdim=\dimen105
\Hy@linkcounter=\count89
\Hy@pagecounter=\count90

(/usr/local/teTeX/share/texmf/tex/latex/hyperref/pd1enc.def
File: pd1enc.def 2000/11/05 v6.71a Hyperref: PDFDocEncoding definition (HO)
)
Package hyperref Info: Option `colorlinks' set `true' on input line 1603.
Package hyperref Info: Option `hyperindex' set `true' on input line 1603.
Package hyperref Info: Bookmarks ON on input line 1661.
Package hyperref Info: Hyper figures OFF on input line 1680.
Package hyperref Info: Link nesting OFF on input line 1685.
Package hyperref Info: Hyper index ON on input line 1688.
Package hyperref Info: Plain pages ON on input line 1693.
Package hyperref Info: Backreferencing OFF on input line 1700.

Implicit mode ON; LaTeX internals redefined
(/usr/local/teTeX/share/texmf/tex/latex/misc/url.sty
Package: url 1999/03/02  ver 1.4  Verb mode for urls, email addresses, and file
 names
)
LaTeX Info: Redefining \url on input line 1905.
\Fld@menulength=\count91
\Field@Width=\dimen106
\Fld@charsize=\dimen107
\Choice@toks=\toks15
\Field@toks=\toks16
Package hyperref Info: Hyper figures OFF on input line 2351.
Package hyperref Info: Link nesting OFF on input line 2356.
Package hyperref Info: Hyper index ON on input line 2359.
Package hyperref Info: backreferencing OFF on input line 2366.
Package hyperref Info: Link coloring ON on input line 2369.
\c@Item=\count92
\c@Hfootnote=\count93
)
*hyperref using default driver hpdftex*
(/usr/local/teTeX/share/texmf/tex/latex/hyperref/hpdftex.def
File: hpdftex.def 2000/11/05 v6.71a Hyperref driver for pdfTeX

(/usr/local/teTeX/share/texmf/tex/latex/psnfss/pifont.sty
Package: pifont 1999/03/29 PSNFSS v.7.2 Pi font support : S Rahtz
LaTeX Font Info:    Try loading font information for U+pzd on input line 63.

(/usr/local/teTeX/share/texmf/tex/latex/psnfss/upzd.fd
File: upzd.fd 1998/07/06 font definitions for U/pzd.
)
LaTeX Font Info:    Try loading font information for U+psy on input line 64.

(/usr/local/teTeX/share/texmf/tex/latex/psnfss/upsy.fd
File: upsy.fd 1998/07/06 font definitions for U/psy.
))
\Fld@listcount=\count94
\@outlinefile=\write3
)
(/usr/local/teTeX/share/texmf/tex/latex/graphics/epsfig.sty
Package: epsfig 1999/02/16 v1.7a (e)psfig emulation (SPQR)
\epsfxsize=\dimen108
\epsfysize=\dimen109
)
(/usr/local/teTeX/share/texmf/tex/latex/misc/multind.sty)
(/usr/local/teTeX/share/texmf/tex/latex/ae/ae.sty
Package: ae 1998/11/17 1.0 Almost European Computer Modern

(/usr/local/teTeX/share/texmf/tex/latex/base/fontenc.sty
Package: fontenc 1999/12/08 v1.9x Standard LaTeX package

(/usr/local/teTeX/share/texmf/tex/latex/base/t1enc.def
File: t1enc.def 1999/12/08 v1.9x Standard LaTeX file
LaTeX Font Info:    Redeclaring font encoding T1 on input line 38.
)
LaTeX Font Info:    Try loading font information for T1+aer on input line 96.

(/usr/local/teTeX/share/texmf/tex/latex/ae/t1aer.fd
File: t1aer.fd 1997/11/16 Font definitions for T1/aer.
)))
(/usr/local/teTeX/share/texmf/tex/generic/babel/babel.sty
Package: babel 1999/09/09 v3.6Z The Babel package

(/usr/local/teTeX/share/texmf/tex/generic/babel/frenchb.ldf
Language: frenchb 1999/08/18 v1.3g French support from the babel system

(/usr/local/teTeX/share/texmf/tex/generic/babel/babel.def
File: babel.def 1999/09/09 v3.6Z Babel common definitions
\babel@savecnt=\count95
\U@D=\dimen110
)
Package babel Info: Making : an active character on input line 126.
Package babel Info: Making ; an active character on input line 127.
Package babel Info: Making ! an active character on input line 128.
Package babel Info: Making ? an active character on input line 129.
))
(/usr/local/teTeX/share/texmf/tex/latex/polytex/polyCop.sty
Package: polyCop 1999/07/07

Package `polyCop' <Wed Jul 7 23:22:31 CEST 1999>.
(/usr/local/teTeX/share/texmf/tex/latex/polytex/polyCommands.sty
(/usr/local/teTeX/share/texmf/tex/latex/tools/verbatim.sty
Package: verbatim 2000/01/07 v1.5m LaTeX2e package for verbatim enhancements
\every@verbatim=\toks17
\verbatim@line=\toks18
\verbatim@in@stream=\read1
)
\c@tocMainDepth=\count96
\c@chapter@depth=\count97
\c@chapter@absolute=\count98
\c@chapter@absolute@plus=\count99
\c@chapter@absolute@minus=\count100
\tf@any=\write4
\c@tocChapDepth=\count101
\c@section@absolute=\count102
\c@section@absolute@plus=\count103
\c@section@absolute@minus=\count104
\c@section@depth=\count105
\tf@sect=\write5
\c@tocSectDepth=\count106
\c@grain=\count107
\c@grain@depth=\count108
\c@grain@absolute=\count109
\c@grain@absolute@plus=\count110
\c@grain@absolute@minus=\count111
\c@page@plus=\count112
\c@page@minus=\count113
)
(/usr/local/teTeX/share/texmf/tex/latex/polytex/polyPoly.sty)
(/usr/local/teTeX/share/texmf/tex/latex/polytex/polyIndex.sty)
\notions@idxfile=\write6
\openout6 = `poly/ex12-poly-notions.idx'.


Writing index file poly/ex12-poly-notions.idx 
\noms@idxfile=\write7
\openout7 = `poly/ex12-poly-noms.idx'.

Writing index file poly/ex12-poly-noms.idx 
\concepts@idxfile=\write8
\openout8 = `poly/ex12-poly-concepts.idx'.

Writing index file poly/ex12-poly-concepts.idx 
(/usr/local/teTeX/share/texmf/tex/latex/polytex/polyAnswers.sty
(/home1m/mottelet/latex/Inputs-Polpoth/answers.sty
Package: answers 1996/07/10

Package `answers' <16 Dec 1997 17:05:29 BST>.
Copyright (C) 1990,1994 Mike Piff, University of Sheffield, England
)) (/usr/local/teTeX/share/texmf/tex/latex/polytex/polyExercices.sty
\c@exercisechapcurr=\count114
)
(/usr/local/teTeX/share/texmf/tex/latex/polytex/polyHints.sty
\c@tiplevel=\count115
\c@tipnumber=\count116
\boxaide=\box26
\boxaidetotal=\box27
)
(/usr/local/teTeX/share/texmf/tex/latex/polytex/polyDocuments.sty
\c@documentchapcurr=\count117
)
(/usr/local/teTeX/share/texmf/tex/latex/polytex/polyExemples.sty
\c@examplechapcurr=\count118
)
(/usr/local/teTeX/share/texmf/tex/latex/polytex/polyRenvois.sty
\labelliste=\toks19
\textliste=\toks20
)
(/usr/local/teTeX/share/texmf/tex/latex/polytex/polyTheorem.sty
Package: polyTheorem 2000/03/13

Package `polyTheorem' <Mon Mar 13 15:13:14 CET 2000>.
(/usr/local/teTeX/share/texmf/tex/latex/tools/calc.sty
Package: calc 1998/07/07 v4.1b Infix arithmetic (KKT,FJ)
\calc@Acount=\count119
\calc@Bcount=\count120
\calc@Adimen=\dimen111
\calc@Bdimen=\dimen112
\calc@Askip=\skip43
\calc@Bskip=\skip44
LaTeX Info: Redefining \setlength on input line 59.
LaTeX Info: Redefining \addtolength on input line 60.
\calc@denominator=\count121
)
(/usr/local/teTeX/share/texmf/tex/latex/tools/array.sty
Package: array 1998/05/13 v2.3m Tabular extension package (FMi)
\col@sep=\dimen113
\extrarowheight=\dimen114
\NC@list=\toks21
\extratabsurround=\skip45
\backup@length=\skip46
)
(/usr/local/teTeX/share/texmf/tex/latex/tools/theorem.sty
Package: theorem 1995/11/23 v2.2c Theorem extension package (FMi)
\theorem@style=\toks22
\theorem@bodyfont=\toks23
\theorempreskipamount=\skip47
\theorempostskipamount=\skip48

(/usr/local/teTeX/share/texmf/tex/latex/tools/thp.sty
File: thp.sty 1995/11/23 v2.2c Theorem extension package (FMi)
))
\c@theoreme=\count122
))
No file poly/ex12-slides.aux.
(/usr/local/teTeX/share/texmf/tex/latex/polytex/polyTheme.sty
Package: polyTheme 1999/07/07

Package `polyTheme' <Wed Jul 7 23:22:31 CEST 1999>.
Using PolyTeX theme 'vanillia'
(/usr/local/teTeX/share/texmf/tex/latex/polytex/themes/vanillia/vanillia.clo
(/usr/local/teTeX/share/texmf/tex/latex/amsfonts/amssymb.sty
Package: amssymb 1996/11/03 v2.2b

(/usr/local/teTeX/share/texmf/tex/latex/amsfonts/amsfonts.sty
Package: amsfonts 1997/09/17 v2.2e
\@emptytoks=\toks24
\symAMSa=\mathgroup4
\symAMSb=\mathgroup5
LaTeX Font Info:    Overwriting math alphabet `\mathfrak' in version `bold'
(Font)                  U/euf/m/n --> U/euf/b/n on input line 133.
))
(/usr/local/teTeX/share/texmf/tex/latex/amslatex/amsbsy.sty
Package: amsbsy 1996/10/28 v1.2b

(/usr/local/teTeX/share/texmf/tex/latex/amslatex/amsgen.sty
File: amsgen 1996/10/29 v1.2b
\@emptytoks=\toks25
\ex@=\dimen115
)
\pmbraise@=\dimen116
)
(/home1m/mottelet/latex/Inputs-Polpoth/polyBoxes.sty
(/home1m/mottelet/latex/Inputs-Polpoth/chngpage.sty
Package: chngpage 2000/07/22 v1.1 change page layout
)
\poly@box=\box28
\h@shift=\skip49
\v@shift=\skip50
)
\even@mark=\box29
\odd@mark=\box30
\grainHeaderBox=\box31
\fminibox=\box32
\fminilength=\skip51
\exampleCaptionEnvWidth=\skip52
\exerciseCaptionEnvWidth=\skip53
\documentCaptionEnvWidth=\skip54
\coursCaptionEnvWidth=\skip55
\slideCaptionEnvWidth=\skip56
\otherLinksCaptionEnvWidth=\skip57
\refbox=\box33
\topNavBarHeight=\skip58
\c@pageprec=\count123
\c@pagesuiv=\count124
\pageBox=\box34
\grainBox=\box35
\navBarBLBox=\box36
\navBarBRBox=\box37
\navBox=\skip59
\headerwidth=\skip60
\textheightPolyScreen=\skip61
\textwidthPolyScreen=\skip62
\leftmarginPolyScreen=\skip63
\topmarginPolyScreen=\skip64
\textheightSlideScreen=\skip65
\textwidthSlideScreen=\skip66
\leftmarginSlideScreen=\skip67
\topmarginSlideScreen=\skip68
\textheightEmptyScreen=\skip69
\textwidthEmptyScreen=\skip70
\leftmarginEmptyScreen=\skip71
\topmarginEmptyScreen=\skip72
\globalNavX=\skip73
\globalNavY=\skip74
\globalNavWidth=\skip75
\globalNavHeight=\skip76
\grainHeaderBoxHeight=\skip77
\grainHeaderBoxY=\skip78
\topNavBarX=\skip79
\topNavBarY=\skip80
\topNavBarWidth=\skip81
\textheightPolyPrint=\skip82
\textwidthPolyPrint=\skip83
\evenleftmarginPolyPrint=\skip84
\oddleftmarginPolyPrint=\skip85
\topmarginPolyPrint=\skip86
\headheightPolyPrint=\skip87
\headsepPolyPrint=\skip88
\textheightSlidePrint=\skip89
\textwidthSlidePrint=\skip90
\leftmarginSlidePrint=\skip91
\topmarginSlidePrint=\skip92
\headerPolyPrintY=\skip93
)))
(/usr/local/teTeX/share/texmf/tex/latex/polytex/polyMedia.sty
Package: polyMedia 2000/03/13

Package `polyMedia' <Fri Sep 15 13:31:35 CEST 2000>.
\hauteur=\skip94
\largeur=\skip95
\prof=\skip96
) (/usr/local/teTeX/share/texmf/tex/latex/psnfss/times.sty
Package: times 1999/03/29 PSNFSS v.7.2 Times font as default roman : S Rahtz
) (poly/ex12-poly.aux)
\openout1 = `poly/ex12-poly.aux'.

LaTeX Font Info:    Checking defaults for OML/cmm/m/it on input line 3.
LaTeX Font Info:    ... okay on input line 3.
LaTeX Font Info:    Checking defaults for T1/cmr/m/n on input line 3.
LaTeX Font Info:    ... okay on input line 3.
LaTeX Font Info:    Checking defaults for OT1/cmr/m/n on input line 3.
LaTeX Font Info:    ... okay on input line 3.
LaTeX Font Info:    Checking defaults for OMS/cmsy/m/n on input line 3.
LaTeX Font Info:    ... okay on input line 3.
LaTeX Font Info:    Checking defaults for OMX/cmex/m/n on input line 3.
LaTeX Font Info:    ... okay on input line 3.
LaTeX Font Info:    Checking defaults for U/cmr/m/n on input line 3.
LaTeX Font Info:    ... okay on input line 3.
LaTeX Font Info:    Checking defaults for PD1/pdf/m/n on input line 3.
LaTeX Font Info:    ... okay on input line 3.
LaTeX Font Info:    Checking defaults for OT2/wncyr/m/n on input line 3.
LaTeX Font Info:    Try loading font information for OT2+wncyr on input line 3.

 (/usr/local/teTeX/share/texmf/tex/latex/cyrillic/ot2wncyr.fd
File: ot2wncyr.fd 1999/05/31 v3.2 Computer Modern Cyrillic font definitions
)
LaTeX Font Info:    ... okay on input line 3.
LaTeX Font Info:    Try loading font information for T1+ptm on input line 3.

(/usr/local/teTeX/share/texmf/tex/latex/psnfss/t1ptm.fd
File: t1ptm.fd 1998/07/06 Fontinst v1.800 font definitions for T1/ptm.
)
(/usr/local/teTeX/share/texmf/tex/context/base/supp-pdf.tex
(/usr/local/teTeX/share/texmf/tex/context/base/supp-mis.tex
loading : Context Support Macros / Missing
\protectiondepth=\count125
\scratchcounter=\count126
\scratchdimen=\dimen117
\scratchskip=\skip97
\scratchmuskip=\muskip10
\scratchbox=\box38
\scratchread=\read2
\scratchwrite=\write9
\nextbox=\box39
\nextdepth=\dimen118
\everyline=\toks26
\!!counta=\count127
\!!countb=\count128
\recursecounter=\count129
)
loading : Context Support Macros / PDF
\nofMPsegments=\count130
\nofMParguments=\count131
)
Package hyperref Info: Link coloring ON on input line 3.
 (/usr/local/teTeX/share/texmf/tex/latex/hyperref/nameref.sty
Package: nameref 2000/05/08 v2.18 Cross-referencing by name of section
\c@section@level=\count132
)
(poly/ex12-poly.out) (poly/ex12-poly.out)
\openout3 = `poly/ex12-poly.out'.

LaTeX Info: Redefining \ref on input line 3.
LaTeX Info: Redefining \pageref on input line 3.

Output from handle poly/ex12-poly-exercise going to poly/ex12-poly-exercise.tex

\poly/ex12-poly-exercise@file=\write10
\openout10 = `poly/ex12-poly-exercise.tex'.

Output from handle poly/ex12-poly-hints going to poly/ex12-poly-hints.tex
\poly/ex12-poly-hints@file=\write11
\openout11 = `poly/ex12-poly-hints.tex'.

Output from handle poly/ex12-poly-document going to poly/ex12-poly-document.tex

\poly/ex12-poly-document@file=\write12
\openout12 = `poly/ex12-poly-document.tex'.

Output from handle poly/ex12-poly-example going to poly/ex12-poly-example.tex
\poly/ex12-poly-example@file=\write13
\openout13 = `poly/ex12-poly-example.tex'.

\navBarULBox=\box40
LaTeX Font Info:    Try loading font information for T1+phv on input line 5.
(/usr/local/teTeX/share/texmf/tex/latex/psnfss/t1phv.fd
File: t1phv.fd 1998/07/06 Fontinst v1.800 font definitions for T1/phv.
) (poly/ex12-poly.toc
LaTeX Font Info:    Font shape `T1/phv/bx/n' in size <9> not available
(Font)              Font shape `T1/phv/b/n' tried instead on input line 2.
LaTeX Font Info:    Try loading font information for U+msa on input line 3.

(/usr/local/teTeX/share/texmf/tex/latex/amsfonts/umsa.fd
File: umsa.fd 1995/01/05 v2.2e AMS font definitions
)
LaTeX Font Info:    Try loading font information for U+msb on input line 3.

(/usr/local/teTeX/share/texmf/tex/latex/amsfonts/umsb.fd
File: umsb.fd 1995/01/05 v2.2e AMS font definitions
))
\tf@toc=\write14
\openout14 = `poly/ex12-poly.toc'.

 [1[/usr/local/teTeX/share/texmf/dvips/config/pdftex.map]

] (poly/ex12-poly.ch1)
\openout4 = `poly/ex12-poly.ch1'.

 [2


]
(poly/ex12-poly.sc1)
\openout5 = `poly/ex12-poly.sc1'.

 [3

]
LaTeX Font Info:    Font shape `T1/phv/bx/n' in size <10> not available
(Font)              Font shape `T1/phv/b/n' tried instead on input line 7.
LaTeX Font Info:    Font shape `T1/phv/bx/n' in size <12> not available
(Font)              Font shape `T1/phv/b/n' tried instead on input line 7.
 [4

] [5

] [6

] (poly/ex12-poly.ch2)
\openout4 = `poly/ex12-poly.ch2'.


(poly/ex12-poly-exercise.tex [7

] (poly/ex12-poly.sc2)
\openout5 = `poly/ex12-poly.sc2'.

 [8

]) [9

]
(poly/ex12-poly-concepts.ind
LaTeX Font Info:    Font shape `T1/phv/bx/n' in size <17.28> not available
(Font)              Font shape `T1/phv/b/n' tried instead on input line 7.
LaTeX Font Info:    Font shape `T1/ptm/bx/n' in size <10> not available
(Font)              Font shape `T1/ptm/b/n' tried instead on input line 10.
) [10



] (poly/ex12-poly-hints.tex [11


] [12


])
(poly/ex12-poly.aux) ) 
Here is how much of TeX's memory you used:
 4889 strings out of 10635
 66086 string characters out of 443300
 123538 words of memory out of 263001
 7703 multiletter control sequences out of 10000+0
 45015 words of font info for 62 fonts, out of 400000 for 1000
 14 hyphenation exceptions out of 1000
 39i,10n,34p,269b,675s stack positions out of 300i,100n,500p,50000b,4000s
<msam10.pfb><8r.enc><msam10.pfb>
Output written on ex12.pdf (12 pages, 44865 bytes).
